2024-03-29T07:45:45+00:00 ERROR API error: Array
(
    [url] => https://paypalconnect.paymentplugins.com/v1/customer
    [method] => POST
    [http_status] => 400
    [request] => Array
(
    [environment] => sandbox
    [request] => Array
        (
            [tracking_id] => iTdSb9pU0i9DBIW5x1PHQ4fnmGrhBX4T
            [partner_config_override] => Array
                (
                    [return_url] => https://paypalconnect.paymentplugins.com/v1/redirect?redirectUrl=http%3A%2F%2Flocalhost%2Fwordpress%2Fwp-admin%2Fadmin.php%3Fpage%3Dwc-settings%26tab%3Dcheckout%26section%3Dppcp_api%26_connect_nonce%3D72460193d0%26environment%3Dsandbox
                )

            [operations] => Array
                (
                    [0] => Array
                        (
                            [operation] => API_INTEGRATION
                            [api_integration_preference] => Array
                                (
                                    [rest_api_integration] => Array
                                        (
                                            [integration_method] => PAYPAL
                                            [integration_type] => FIRST_PARTY
                                            [first_party_details] => Array
                                                (
                                                    [features] => Array
                                                        (
                                                            [0] => PAYMENT
                                                            [1] => REFUND
                                                            [2] => TRACKING_SHIPMENT_READWRITE
                                                        )

                                                    [seller_nonce] => DYdHhD0tId3HoLCvxuac9HpfPOif3flssBpC6imgWxGz8eNIhoB8ykdwptRrj026
                                                )

                                        )

                                )

                        )

                )

            [products] => Array
                (
                    [0] => EXPRESS_CHECKOUT
                )

            [legal_consents] => Array
                (
                    [0] => Array
                        (
                            [type] => SHARE_DATA_CONSENT
                            [granted] => 1
                        )

                )

        )

)

    [error] => Array
        (
            [message] => cURL error 28: Resolving timed out after 10004 milliseconds
        )

)

